<?xml version="1.0" encoding="UTF-8"?>
<!-- Generated by org.testng.reporters.JUnitXMLReporter -->
<testsuite ignored="0" hostname="Pawanuuuu" failures="0" tests="4" name="Surefire test" time="4.107" errors="0" timestamp="2025-12-01T22:50:45 IST">
  <testcase classname="com.api.tests.UserEndTests" name="updateUserTest" time="2.196"/>
  <testcase classname="com.api.tests.UserEndTests" name="createUserTest" time="0.836"/>
  <testcase classname="com.api.tests.UserEndTests" name="getUserTest" time="0.257"/>
  <testcase classname="com.api.tests.UserEndTests" name="deleteUserTest" time="0.487"/>
</testsuite> <!-- Surefire test -->
