<?xml version="1.0" encoding="UTF-8"?>
<!-- Generated by org.testng.reporters.JUnitXMLReporter -->
<testsuite ignored="0" hostname="Pawanuuuu" failures="0" tests="4" name="Default test" time="4.184" errors="0" timestamp="2025-12-01T17:27:55 IST">
  <testcase classname="com.api.tests.UserEndTests" name="updateUserTest" time="1.969"/>
  <testcase classname="com.api.tests.UserEndTests" name="createUserTest" time="0.788"/>
  <testcase classname="com.api.tests.UserEndTests" name="getUserTest" time="0.243"/>
  <testcase classname="com.api.tests.UserEndTests" name="deleteUserTest" time="0.929"/>
</testsuite> <!-- Default test -->
