<?xml version="1.0" encoding="UTF-8"?>
<testng-results ignored="0" total="4" passed="4" failed="0" skipped="0">
  <reporter-output>
  </reporter-output>
  <suite started-at="2025-12-01T22:50:41 IST" name="Surefire suite" finished-at="2025-12-01T22:50:45 IST" duration-ms="4107">
    <groups>
    </groups>
    <test started-at="2025-12-01T22:50:41 IST" name="Surefire test" finished-at="2025-12-01T22:50:45 IST" duration-ms="4107">
      <class name="com.api.tests.UserEndTests">
        <test-method is-config="true" signature="setup()[pri:0, instance:com.api.tests.UserEndTests@4b41e4dd]" started-at="2025-12-01T22:50:41 IST" name="setup" finished-at="2025-12-01T22:50:41 IST" duration-ms="291" status="PASS">
          <reporter-output>
          </reporter-output>
        </test-method> <!-- setup -->
        <test-method signature="updateUserTest()[pri:0, instance:com.api.tests.UserEndTests@4b41e4dd]" started-at="2025-12-01T22:50:41 IST" name="updateUserTest" finished-at="2025-12-01T22:50:43 IST" duration-ms="2196" status="PASS">
          <reporter-output>
          </reporter-output>
        </test-method> <!-- updateUserTest -->
        <test-method signature="createUserTest()[pri:1, instance:com.api.tests.UserEndTests@4b41e4dd]" started-at="2025-12-01T22:50:43 IST" name="createUserTest" finished-at="2025-12-01T22:50:44 IST" duration-ms="836" status="PASS">
          <reporter-output>
          </reporter-output>
        </test-method> <!-- createUserTest -->
        <test-method signature="getUserTest()[pri:2, instance:com.api.tests.UserEndTests@4b41e4dd]" started-at="2025-12-01T22:50:44 IST" name="getUserTest" finished-at="2025-12-01T22:50:45 IST" duration-ms="257" status="PASS">
          <reporter-output>
          </reporter-output>
        </test-method> <!-- getUserTest -->
        <test-method signature="deleteUserTest()[pri:4, instance:com.api.tests.UserEndTests@4b41e4dd]" started-at="2025-12-01T22:50:45 IST" name="deleteUserTest" finished-at="2025-12-01T22:50:45 IST" duration-ms="487" status="PASS">
          <reporter-output>
          </reporter-output>
        </test-method> <!-- deleteUserTest -->
      </class> <!-- com.api.tests.UserEndTests -->
    </test> <!-- Surefire test -->
  </suite> <!-- Surefire suite -->
</testng-results>
