<?xml version="1.0" encoding="UTF-8"?>
<testng-results ignored="0" total="4" passed="4" failed="0" skipped="0">
  <reporter-output>
  </reporter-output>
  <suite started-at="2025-12-01T17:27:51 IST" name="Default suite" finished-at="2025-12-01T17:27:55 IST" duration-ms="4184">
    <groups>
    </groups>
    <test started-at="2025-12-01T17:27:51 IST" name="Default test" finished-at="2025-12-01T17:27:55 IST" duration-ms="4184">
      <class name="com.api.tests.UserEndTests">
        <test-method is-config="true" signature="setup()[pri:0, instance:com.api.tests.UserEndTests@18b0930f]" started-at="2025-12-01T17:27:51 IST" name="setup" finished-at="2025-12-01T17:27:51 IST" duration-ms="226" status="PASS">
          <reporter-output>
          </reporter-output>
        </test-method> <!-- setup -->
        <test-method signature="updateUserTest()[pri:0, instance:com.api.tests.UserEndTests@18b0930f]" started-at="2025-12-01T17:27:51 IST" name="updateUserTest" finished-at="2025-12-01T17:27:53 IST" duration-ms="1969" status="PASS">
          <reporter-output>
          </reporter-output>
        </test-method> <!-- updateUserTest -->
        <test-method signature="createUserTest()[pri:1, instance:com.api.tests.UserEndTests@18b0930f]" started-at="2025-12-01T17:27:53 IST" name="createUserTest" finished-at="2025-12-01T17:27:54 IST" duration-ms="788" status="PASS">
          <reporter-output>
          </reporter-output>
        </test-method> <!-- createUserTest -->
        <test-method signature="getUserTest()[pri:2, instance:com.api.tests.UserEndTests@18b0930f]" started-at="2025-12-01T17:27:54 IST" name="getUserTest" finished-at="2025-12-01T17:27:54 IST" duration-ms="243" status="PASS">
          <reporter-output>
          </reporter-output>
        </test-method> <!-- getUserTest -->
        <test-method signature="deleteUserTest()[pri:4, instance:com.api.tests.UserEndTests@18b0930f]" started-at="2025-12-01T17:27:54 IST" name="deleteUserTest" finished-at="2025-12-01T17:27:55 IST" duration-ms="929" status="PASS">
          <reporter-output>
          </reporter-output>
        </test-method> <!-- deleteUserTest -->
      </class> <!-- com.api.tests.UserEndTests -->
    </test> <!-- Default test -->
  </suite> <!-- Default suite -->
</testng-results>
