<?xml version="1.0" encoding="UTF-8"?>
<!-- Generated by org.testng.reporters.JUnitReportReporter -->
<testsuite hostname="Pawanuuuu" failures="0" tests="4" name="com.api.tests.UserEndTests" time="3.929" errors="0" timestamp="2025-12-01T17:27:55 IST" skipped="0">
  <testcase classname="com.api.tests.UserEndTests" name="updateUserTest" time="1.969"/>
  <testcase classname="com.api.tests.UserEndTests" name="createUserTest" time="0.788"/>
  <testcase classname="com.api.tests.UserEndTests" name="getUserTest" time="0.243"/>
  <testcase classname="com.api.tests.UserEndTests" name="deleteUserTest" time="0.929"/>
</testsuite> <!-- com.api.tests.UserEndTests -->
